<?xml version="1.0" encoding="UTF-8"?>
<!-- Generated by org.testng.reporters.JUnitReportReporter -->
<testsuite hostname="DESKTOP-FMVBIOI" failures="0" tests="1" name="com.cj.CJWholesale.App" time="7.020" errors="0" timestamp="2022-01-04T14:35:55 CST" skipped="0">
  <testcase classname="com.cj.CJWholesale.App" name="test1" time="7.020"/>
  <system-out/>
</testsuite> <!-- com.cj.CJWholesale.App -->
